
/home/runner/work/exp-covert-channels-information-leakage-amrt/exp-covert-channels-information-leakage-amrt/experiment/simulation/js/index-4E8vn_U0.js
   9:1588   warning  Do not access Object.prototype method 'hasOwnProperty' from target object  no-prototype-builtins
   9:4646   warning  Do not access Object.prototype method 'hasOwnProperty' from target object  no-prototype-builtins
  17:376    warning  Do not access Object.prototype method 'hasOwnProperty' from target object  no-prototype-builtins
  25:928    warning  'setImmediate' is not defined                                              no-undef
  33:596    warning  Unexpected combined character in character class                           no-misleading-character-class
  33:3023   warning  Unnecessary escape character: \-                                           no-useless-escape
  33:4912   warning  Do not access Object.prototype method 'hasOwnProperty' from target object  no-prototype-builtins
  37:202    warning  Expected a conditional expression and instead saw an assignment            no-cond-assign
  37:1216   warning  Empty block statement                                                      no-empty
  37:2389   warning  Do not access Object.prototype method 'hasOwnProperty' from target object  no-prototype-builtins
  37:3868   warning  Do not access Object.prototype method 'hasOwnProperty' from target object  no-prototype-builtins
  37:3909   warning  Do not access Object.prototype method 'hasOwnProperty' from target object  no-prototype-builtins
  37:4076   warning  Do not access Object.prototype method 'hasOwnProperty' from target object  no-prototype-builtins
  37:4103   warning  Do not access Object.prototype method 'hasOwnProperty' from target object  no-prototype-builtins
  37:4694   warning  Do not access Object.prototype method 'hasOwnProperty' from target object  no-prototype-builtins
  37:6030   warning  'MSApp' is not defined                                                     no-undef
  37:6078   warning  'MSApp' is not defined                                                     no-undef
  37:7458   warning  Do not access Object.prototype method 'hasOwnProperty' from target object  no-prototype-builtins
  37:7551   warning  Do not access Object.prototype method 'hasOwnProperty' from target object  no-prototype-builtins
  37:8633   warning  Expected a conditional expression and instead saw an assignment            no-cond-assign
  37:9654   warning  Expected to return a value in method 'get'                                 getter-return
  37:9787   warning  'r' is defined but never used                                              no-unused-vars
  37:9789   warning  'l' is defined but never used                                              no-unused-vars
  37:9791   warning  'i' is defined but never used                                              no-unused-vars
  37:9793   warning  's' is defined but never used                                              no-unused-vars
  37:9795   warning  'u' is defined but never used                                              no-unused-vars
  37:9797   warning  'a' is defined but never used                                              no-unused-vars
  37:9970   warning  'e' is defined but never used                                              no-unused-vars
  37:9972   warning  't' is defined but never used                                              no-unused-vars
  37:9974   warning  'n' is defined but never used                                              no-unused-vars
  37:9976   warning  'r' is defined but never used                                              no-unused-vars
  37:9978   warning  'l' is defined but never used                                              no-unused-vars
  37:9980   warning  'i' is defined but never used                                              no-unused-vars
  37:9982   warning  's' is defined but never used                                              no-unused-vars
  37:9984   warning  'u' is defined but never used                                              no-unused-vars
  37:9986   warning  'a' is defined but never used                                              no-unused-vars
  37:10038  warning  'e' is defined but never used                                              no-unused-vars
  37:10040  warning  't' is defined but never used                                              no-unused-vars
  37:10042  warning  'n' is defined but never used                                              no-unused-vars
  37:10044  warning  'r' is defined but never used                                              no-unused-vars
  37:10046  warning  'l' is defined but never used                                              no-unused-vars
  37:10048  warning  'i' is defined but never used                                              no-unused-vars
  37:10050  warning  's' is defined but never used                                              no-unused-vars
  37:10052  warning  'u' is defined but never used                                              no-unused-vars
  37:10054  warning  'a' is defined but never used                                              no-unused-vars
  37:11886  warning  Empty block statement                                                      no-empty
  37:19766  warning  Do not access Object.prototype method 'hasOwnProperty' from target object  no-prototype-builtins
  37:20108  warning  Invalid typeof comparison value                                            valid-typeof
  37:20282  warning  Invalid typeof comparison value                                            valid-typeof
  37:22147  warning  Expected a conditional expression and instead saw an assignment            no-cond-assign
  37:27687  warning  Expected a conditional expression and instead saw an assignment            no-cond-assign
  37:29153  warning  Do not access Object.prototype method 'hasOwnProperty' from target object  no-prototype-builtins
  37:33253  warning  Expected a 'break' statement before 'case'                                 no-fallthrough
  37:33440  warning  Expected a 'break' statement before 'case'                                 no-fallthrough
  37:34557  warning  Expected a conditional expression and instead saw an assignment            no-cond-assign
  37:36002  warning  Expected a 'break' statement before 'case'                                 no-fallthrough
  37:37432  warning  Unexpected control character(s) in regular expression: \x00                no-control-regex
  38:1506   warning  Expected a conditional expression and instead saw an assignment            no-cond-assign
  38:1606   warning  Expected a conditional expression and instead saw an assignment            no-cond-assign
  38:14646  warning  Expected a 'break' statement before 'case'                                 no-fallthrough
  38:15102  warning  Unexpected constant condition                                              no-constant-condition
  38:15693  warning  Expected a conditional expression and instead saw an assignment            no-cond-assign
  38:22199  warning  Empty block statement                                                      no-empty
  38:22208  warning  Empty block statement                                                      no-empty
  38:25571  warning  Expected a conditional expression and instead saw an assignment            no-cond-assign
  38:26434  warning  Expected a conditional expression and instead saw an assignment            no-cond-assign
  40:3962   warning  Expected a conditional expression and instead saw an assignment            no-cond-assign
  40:5084   warning  Expected a conditional expression and instead saw an assignment            no-cond-assign
  40:12845  warning  Do not access Object.prototype method 'hasOwnProperty' from target object  no-prototype-builtins
  40:12866  warning  Do not access Object.prototype method 'hasOwnProperty' from target object  no-prototype-builtins
  40:12936  warning  Do not access Object.prototype method 'hasOwnProperty' from target object  no-prototype-builtins
  40:13118  warning  Do not access Object.prototype method 'hasOwnProperty' from target object  no-prototype-builtins
  40:13220  warning  Do not access Object.prototype method 'hasOwnProperty' from target object  no-prototype-builtins
  40:13300  warning  Do not access Object.prototype method 'hasOwnProperty' from target object  no-prototype-builtins
  40:13324  warning  Do not access Object.prototype method 'hasOwnProperty' from target object  no-prototype-builtins
  40:13376  warning  Do not access Object.prototype method 'hasOwnProperty' from target object  no-prototype-builtins
  40:13731  warning  Do not access Object.prototype method 'hasOwnProperty' from target object  no-prototype-builtins
  40:15913  warning  Do not access Object.prototype method 'hasOwnProperty' from target object  no-prototype-builtins
  40:16192  warning  Do not access Object.prototype method 'hasOwnProperty' from target object  no-prototype-builtins
  40:16638  warning  Unnecessary escape character: \/                                           no-useless-escape
  40:17508  warning  Do not access Object.prototype method 'hasOwnProperty' from target object  no-prototype-builtins
  40:17817  warning  Do not access Object.prototype method 'hasOwnProperty' from target object  no-prototype-builtins
  40:25811  warning  Empty block statement                                                      no-empty
  40:25846  warning  Expected a 'break' statement before 'case'                                 no-fallthrough
  40:29914  warning  Do not access Object.prototype method 'hasOwnProperty' from target object  no-prototype-builtins
  40:30891  warning  't' is defined but never used                                              no-unused-vars
  40:30893  warning  'n' is defined but never used                                              no-unused-vars
  40:30920  warning  't' is defined but never used                                              no-unused-vars
  40:30922  warning  'n' is defined but never used                                              no-unused-vars
  40:34593  warning  Unexpected constant condition                                              no-constant-condition
  40:39071  warning  Unexpected constant condition                                              no-constant-condition
  40:39354  warning  Unexpected constant condition                                              no-constant-condition
  40:42324  warning  Empty block statement                                                      no-empty
  40:52735  warning  Expected a conditional expression and instead saw an assignment            no-cond-assign
  40:54134  warning  'Qa' is a function                                                         no-func-assign
  40:54140  warning  'Ka' is a function                                                         no-func-assign
  40:55058  warning  '__REACT_DEVTOOLS_GLOBAL_HOOK__' is not defined                            no-undef
  40:55157  warning  Empty block statement                                                      no-empty
  40:57190  warning  '__REACT_DEVTOOLS_GLOBAL_HOOK__' is not defined                            no-undef
  40:57247  warning  '__REACT_DEVTOOLS_GLOBAL_HOOK__' is not defined                            no-undef
  48:1253   warning  't' is defined but never used                                              no-unused-vars
  48:6449   warning  't' is defined but never used                                              no-unused-vars
  48:17119  warning  'r' is assigned a value but never used                                     no-unused-vars
  48:17142  warning  'l' is assigned a value but never used                                     no-unused-vars
  48:17166  warning  'i' is assigned a value but never used                                     no-unused-vars
  48:27556  warning  'Vv' is assigned a value but never used                                    no-unused-vars
  48:27568  warning  'Wv' is assigned a value but never used                                    no-unused-vars
  48:27625  warning  'Hv' is assigned a value but never used                                    no-unused-vars
  48:27651  warning  'Qv' is assigned a value but never used                                    no-unused-vars
  48:27814  warning  'Kv' is assigned a value but never used                                    no-unused-vars
  48:27832  warning  'Gv' is assigned a value but never used                                    no-unused-vars
  48:27857  warning  'Yv' is assigned a value but never used                                    no-unused-vars
  48:28294  warning  'l' is assigned a value but never used                                     no-unused-vars
  48:37069  warning  's' is assigned a value but never used                                     no-unused-vars
  48:37084  warning  'u' is assigned a value but never used                                     no-unused-vars
  48:37101  warning  'a' is assigned a value but never used                                     no-unused-vars
  48:47328  warning  't' is assigned a value but never used                                     no-unused-vars
  48:54521  warning  't' is defined but never used                                              no-unused-vars

/home/runner/work/exp-covert-channels-information-leakage-amrt/exp-covert-channels-information-leakage-amrt/experiment/simulation/js/index-DgJ7rTqB.js
   9:1588   warning  Do not access Object.prototype method 'hasOwnProperty' from target object  no-prototype-builtins
   9:4646   warning  Do not access Object.prototype method 'hasOwnProperty' from target object  no-prototype-builtins
  17:376    warning  Do not access Object.prototype method 'hasOwnProperty' from target object  no-prototype-builtins
  25:928    warning  'setImmediate' is not defined                                              no-undef
  33:596    warning  Unexpected combined character in character class                           no-misleading-character-class
  33:3023   warning  Unnecessary escape character: \-                                           no-useless-escape
  33:4912   warning  Do not access Object.prototype method 'hasOwnProperty' from target object  no-prototype-builtins
  37:202    warning  Expected a conditional expression and instead saw an assignment            no-cond-assign
  37:1216   warning  Empty block statement                                                      no-empty
  37:2389   warning  Do not access Object.prototype method 'hasOwnProperty' from target object  no-prototype-builtins
  37:3868   warning  Do not access Object.prototype method 'hasOwnProperty' from target object  no-prototype-builtins
  37:3909   warning  Do not access Object.prototype method 'hasOwnProperty' from target object  no-prototype-builtins
  37:4076   warning  Do not access Object.prototype method 'hasOwnProperty' from target object  no-prototype-builtins
  37:4103   warning  Do not access Object.prototype method 'hasOwnProperty' from target object  no-prototype-builtins
  37:4694   warning  Do not access Object.prototype method 'hasOwnProperty' from target object  no-prototype-builtins
  37:6030   warning  'MSApp' is not defined                                                     no-undef
  37:6078   warning  'MSApp' is not defined                                                     no-undef
  37:7458   warning  Do not access Object.prototype method 'hasOwnProperty' from target object  no-prototype-builtins
  37:7551   warning  Do not access Object.prototype method 'hasOwnProperty' from target object  no-prototype-builtins
  37:8633   warning  Expected a conditional expression and instead saw an assignment            no-cond-assign
  37:9654   warning  Expected to return a value in method 'get'                                 getter-return
  37:9787   warning  'r' is defined but never used                                              no-unused-vars
  37:9789   warning  'l' is defined but never used                                              no-unused-vars
  37:9791   warning  'i' is defined but never used                                              no-unused-vars
  37:9793   warning  's' is defined but never used                                              no-unused-vars
  37:9795   warning  'u' is defined but never used                                              no-unused-vars
  37:9797   warning  'a' is defined but never used                                              no-unused-vars
  37:9970   warning  'e' is defined but never used                                              no-unused-vars
  37:9972   warning  't' is defined but never used                                              no-unused-vars
  37:9974   warning  'n' is defined but never used                                              no-unused-vars
  37:9976   warning  'r' is defined but never used                                              no-unused-vars
  37:9978   warning  'l' is defined but never used                                              no-unused-vars
  37:9980   warning  'i' is defined but never used                                              no-unused-vars
  37:9982   warning  's' is defined but never used                                              no-unused-vars
  37:9984   warning  'u' is defined but never used                                              no-unused-vars
  37:9986   warning  'a' is defined but never used                                              no-unused-vars
  37:10038  warning  'e' is defined but never used                                              no-unused-vars
  37:10040  warning  't' is defined but never used                                              no-unused-vars
  37:10042  warning  'n' is defined but never used                                              no-unused-vars
  37:10044  warning  'r' is defined but never used                                              no-unused-vars
  37:10046  warning  'l' is defined but never used                                              no-unused-vars
  37:10048  warning  'i' is defined but never used                                              no-unused-vars
  37:10050  warning  's' is defined but never used                                              no-unused-vars
  37:10052  warning  'u' is defined but never used                                              no-unused-vars
  37:10054  warning  'a' is defined but never used                                              no-unused-vars
  37:11886  warning  Empty block statement                                                      no-empty
  37:19766  warning  Do not access Object.prototype method 'hasOwnProperty' from target object  no-prototype-builtins
  37:20108  warning  Invalid typeof comparison value                                            valid-typeof
  37:20282  warning  Invalid typeof comparison value                                            valid-typeof
  37:22147  warning  Expected a conditional expression and instead saw an assignment            no-cond-assign
  37:27687  warning  Expected a conditional expression and instead saw an assignment            no-cond-assign
  37:29153  warning  Do not access Object.prototype method 'hasOwnProperty' from target object  no-prototype-builtins
  37:33253  warning  Expected a 'break' statement before 'case'                                 no-fallthrough
  37:33440  warning  Expected a 'break' statement before 'case'                                 no-fallthrough
  37:34557  warning  Expected a conditional expression and instead saw an assignment            no-cond-assign
  37:36002  warning  Expected a 'break' statement before 'case'                                 no-fallthrough
  37:37432  warning  Unexpected control character(s) in regular expression: \x00                no-control-regex
  38:1506   warning  Expected a conditional expression and instead saw an assignment            no-cond-assign
  38:1606   warning  Expected a conditional expression and instead saw an assignment            no-cond-assign
  38:14646  warning  Expected a 'break' statement before 'case'                                 no-fallthrough
  38:15102  warning  Unexpected constant condition                                              no-constant-condition
  38:15693  warning  Expected a conditional expression and instead saw an assignment            no-cond-assign
  38:22199  warning  Empty block statement                                                      no-empty
  38:22208  warning  Empty block statement                                                      no-empty
  38:25571  warning  Expected a conditional expression and instead saw an assignment            no-cond-assign
  38:26434  warning  Expected a conditional expression and instead saw an assignment            no-cond-assign
  40:3962   warning  Expected a conditional expression and instead saw an assignment            no-cond-assign
  40:5084   warning  Expected a conditional expression and instead saw an assignment            no-cond-assign
  40:12845  warning  Do not access Object.prototype method 'hasOwnProperty' from target object  no-prototype-builtins
  40:12866  warning  Do not access Object.prototype method 'hasOwnProperty' from target object  no-prototype-builtins
  40:12936  warning  Do not access Object.prototype method 'hasOwnProperty' from target object  no-prototype-builtins
  40:13118  warning  Do not access Object.prototype method 'hasOwnProperty' from target object  no-prototype-builtins
  40:13220  warning  Do not access Object.prototype method 'hasOwnProperty' from target object  no-prototype-builtins
  40:13300  warning  Do not access Object.prototype method 'hasOwnProperty' from target object  no-prototype-builtins
  40:13324  warning  Do not access Object.prototype method 'hasOwnProperty' from target object  no-prototype-builtins
  40:13376  warning  Do not access Object.prototype method 'hasOwnProperty' from target object  no-prototype-builtins
  40:13731  warning  Do not access Object.prototype method 'hasOwnProperty' from target object  no-prototype-builtins
  40:15913  warning  Do not access Object.prototype method 'hasOwnProperty' from target object  no-prototype-builtins
  40:16192  warning  Do not access Object.prototype method 'hasOwnProperty' from target object  no-prototype-builtins
  40:16638  warning  Unnecessary escape character: \/                                           no-useless-escape
  40:17508  warning  Do not access Object.prototype method 'hasOwnProperty' from target object  no-prototype-builtins
  40:17817  warning  Do not access Object.prototype method 'hasOwnProperty' from target object  no-prototype-builtins
  40:25811  warning  Empty block statement                                                      no-empty
  40:25846  warning  Expected a 'break' statement before 'case'                                 no-fallthrough
  40:29914  warning  Do not access Object.prototype method 'hasOwnProperty' from target object  no-prototype-builtins
  40:30891  warning  't' is defined but never used                                              no-unused-vars
  40:30893  warning  'n' is defined but never used                                              no-unused-vars
  40:30920  warning  't' is defined but never used                                              no-unused-vars
  40:30922  warning  'n' is defined but never used                                              no-unused-vars
  40:34593  warning  Unexpected constant condition                                              no-constant-condition
  40:39071  warning  Unexpected constant condition                                              no-constant-condition
  40:39354  warning  Unexpected constant condition                                              no-constant-condition
  40:42324  warning  Empty block statement                                                      no-empty
  40:52735  warning  Expected a conditional expression and instead saw an assignment            no-cond-assign
  40:54134  warning  'Qa' is a function                                                         no-func-assign
  40:54140  warning  'Ka' is a function                                                         no-func-assign
  40:55058  warning  '__REACT_DEVTOOLS_GLOBAL_HOOK__' is not defined                            no-undef
  40:55157  warning  Empty block statement                                                      no-empty
  40:57190  warning  '__REACT_DEVTOOLS_GLOBAL_HOOK__' is not defined                            no-undef
  40:57247  warning  '__REACT_DEVTOOLS_GLOBAL_HOOK__' is not defined                            no-undef
  48:1253   warning  't' is defined but never used                                              no-unused-vars
  48:6449   warning  't' is defined but never used                                              no-unused-vars
  48:17119  warning  'r' is assigned a value but never used                                     no-unused-vars
  48:17142  warning  'l' is assigned a value but never used                                     no-unused-vars
  48:17166  warning  'i' is assigned a value but never used                                     no-unused-vars
  48:27556  warning  'Vv' is assigned a value but never used                                    no-unused-vars
  48:27568  warning  'Wv' is assigned a value but never used                                    no-unused-vars
  48:27625  warning  'Hv' is assigned a value but never used                                    no-unused-vars
  48:27651  warning  'Qv' is assigned a value but never used                                    no-unused-vars
  48:27814  warning  'Kv' is assigned a value but never used                                    no-unused-vars
  48:27832  warning  'Gv' is assigned a value but never used                                    no-unused-vars
  48:27857  warning  'Yv' is assigned a value but never used                                    no-unused-vars
  48:28294  warning  'l' is assigned a value but never used                                     no-unused-vars
  48:37074  warning  's' is assigned a value but never used                                     no-unused-vars
  48:37089  warning  'u' is assigned a value but never used                                     no-unused-vars
  48:37106  warning  'a' is assigned a value but never used                                     no-unused-vars
  48:47390  warning  't' is assigned a value but never used                                     no-unused-vars
  48:54596  warning  't' is defined but never used                                              no-unused-vars
  53:2132   warning  'n' is assigned a value but never used                                     no-unused-vars

/home/runner/work/exp-covert-channels-information-leakage-amrt/exp-covert-channels-information-leakage-amrt/experiment/simulation/js/index-Dj2q9gN-.js
   9:1588   warning  Do not access Object.prototype method 'hasOwnProperty' from target object  no-prototype-builtins
   9:4646   warning  Do not access Object.prototype method 'hasOwnProperty' from target object  no-prototype-builtins
  17:376    warning  Do not access Object.prototype method 'hasOwnProperty' from target object  no-prototype-builtins
  25:928    warning  'setImmediate' is not defined                                              no-undef
  33:596    warning  Unexpected combined character in character class                           no-misleading-character-class
  33:3023   warning  Unnecessary escape character: \-                                           no-useless-escape
  33:4912   warning  Do not access Object.prototype method 'hasOwnProperty' from target object  no-prototype-builtins
  37:202    warning  Expected a conditional expression and instead saw an assignment            no-cond-assign
  37:1216   warning  Empty block statement                                                      no-empty
  37:2389   warning  Do not access Object.prototype method 'hasOwnProperty' from target object  no-prototype-builtins
  37:3868   warning  Do not access Object.prototype method 'hasOwnProperty' from target object  no-prototype-builtins
  37:3909   warning  Do not access Object.prototype method 'hasOwnProperty' from target object  no-prototype-builtins
  37:4076   warning  Do not access Object.prototype method 'hasOwnProperty' from target object  no-prototype-builtins
  37:4103   warning  Do not access Object.prototype method 'hasOwnProperty' from target object  no-prototype-builtins
  37:4694   warning  Do not access Object.prototype method 'hasOwnProperty' from target object  no-prototype-builtins
  37:6030   warning  'MSApp' is not defined                                                     no-undef
  37:6078   warning  'MSApp' is not defined                                                     no-undef
  37:7458   warning  Do not access Object.prototype method 'hasOwnProperty' from target object  no-prototype-builtins
  37:7551   warning  Do not access Object.prototype method 'hasOwnProperty' from target object  no-prototype-builtins
  37:8633   warning  Expected a conditional expression and instead saw an assignment            no-cond-assign
  37:9654   warning  Expected to return a value in method 'get'                                 getter-return
  37:9787   warning  'r' is defined but never used                                              no-unused-vars
  37:9789   warning  'l' is defined but never used                                              no-unused-vars
  37:9791   warning  'i' is defined but never used                                              no-unused-vars
  37:9793   warning  's' is defined but never used                                              no-unused-vars
  37:9795   warning  'a' is defined but never used                                              no-unused-vars
  37:9797   warning  'u' is defined but never used                                              no-unused-vars
  37:9970   warning  'e' is defined but never used                                              no-unused-vars
  37:9972   warning  't' is defined but never used                                              no-unused-vars
  37:9974   warning  'n' is defined but never used                                              no-unused-vars
  37:9976   warning  'r' is defined but never used                                              no-unused-vars
  37:9978   warning  'l' is defined but never used                                              no-unused-vars
  37:9980   warning  'i' is defined but never used                                              no-unused-vars
  37:9982   warning  's' is defined but never used                                              no-unused-vars
  37:9984   warning  'a' is defined but never used                                              no-unused-vars
  37:9986   warning  'u' is defined but never used                                              no-unused-vars
  37:10038  warning  'e' is defined but never used                                              no-unused-vars
  37:10040  warning  't' is defined but never used                                              no-unused-vars
  37:10042  warning  'n' is defined but never used                                              no-unused-vars
  37:10044  warning  'r' is defined but never used                                              no-unused-vars
  37:10046  warning  'l' is defined but never used                                              no-unused-vars
  37:10048  warning  'i' is defined but never used                                              no-unused-vars
  37:10050  warning  's' is defined but never used                                              no-unused-vars
  37:10052  warning  'a' is defined but never used                                              no-unused-vars
  37:10054  warning  'u' is defined but never used                                              no-unused-vars
  37:11886  warning  Empty block statement                                                      no-empty
  37:19766  warning  Do not access Object.prototype method 'hasOwnProperty' from target object  no-prototype-builtins
  37:20108  warning  Invalid typeof comparison value                                            valid-typeof
  37:20282  warning  Invalid typeof comparison value                                            valid-typeof
  37:22147  warning  Expected a conditional expression and instead saw an assignment            no-cond-assign
  37:27687  warning  Expected a conditional expression and instead saw an assignment            no-cond-assign
  37:29153  warning  Do not access Object.prototype method 'hasOwnProperty' from target object  no-prototype-builtins
  37:33253  warning  Expected a 'break' statement before 'case'                                 no-fallthrough
  37:33440  warning  Expected a 'break' statement before 'case'                                 no-fallthrough
  37:34557  warning  Expected a conditional expression and instead saw an assignment            no-cond-assign
  37:36002  warning  Expected a 'break' statement before 'case'                                 no-fallthrough
  37:37432  warning  Unexpected control character(s) in regular expression: \x00                no-control-regex
  38:1506   warning  Expected a conditional expression and instead saw an assignment            no-cond-assign
  38:1606   warning  Expected a conditional expression and instead saw an assignment            no-cond-assign
  38:14646  warning  Expected a 'break' statement before 'case'                                 no-fallthrough
  38:15102  warning  Unexpected constant condition                                              no-constant-condition
  38:15693  warning  Expected a conditional expression and instead saw an assignment            no-cond-assign
  38:22199  warning  Empty block statement                                                      no-empty
  38:22208  warning  Empty block statement                                                      no-empty
  38:25571  warning  Expected a conditional expression and instead saw an assignment            no-cond-assign
  38:26434  warning  Expected a conditional expression and instead saw an assignment            no-cond-assign
  40:3962   warning  Expected a conditional expression and instead saw an assignment            no-cond-assign
  40:5084   warning  Expected a conditional expression and instead saw an assignment            no-cond-assign
  40:12845  warning  Do not access Object.prototype method 'hasOwnProperty' from target object  no-prototype-builtins
  40:12866  warning  Do not access Object.prototype method 'hasOwnProperty' from target object  no-prototype-builtins
  40:12936  warning  Do not access Object.prototype method 'hasOwnProperty' from target object  no-prototype-builtins
  40:13118  warning  Do not access Object.prototype method 'hasOwnProperty' from target object  no-prototype-builtins
  40:13220  warning  Do not access Object.prototype method 'hasOwnProperty' from target object  no-prototype-builtins
  40:13300  warning  Do not access Object.prototype method 'hasOwnProperty' from target object  no-prototype-builtins
  40:13324  warning  Do not access Object.prototype method 'hasOwnProperty' from target object  no-prototype-builtins
  40:13376  warning  Do not access Object.prototype method 'hasOwnProperty' from target object  no-prototype-builtins
  40:13731  warning  Do not access Object.prototype method 'hasOwnProperty' from target object  no-prototype-builtins
  40:15913  warning  Do not access Object.prototype method 'hasOwnProperty' from target object  no-prototype-builtins
  40:16192  warning  Do not access Object.prototype method 'hasOwnProperty' from target object  no-prototype-builtins
  40:16638  warning  Unnecessary escape character: \/                                           no-useless-escape
  40:17508  warning  Do not access Object.prototype method 'hasOwnProperty' from target object  no-prototype-builtins
  40:17817  warning  Do not access Object.prototype method 'hasOwnProperty' from target object  no-prototype-builtins
  40:25811  warning  Empty block statement                                                      no-empty
  40:25846  warning  Expected a 'break' statement before 'case'                                 no-fallthrough
  40:29914  warning  Do not access Object.prototype method 'hasOwnProperty' from target object  no-prototype-builtins
  40:30891  warning  't' is defined but never used                                              no-unused-vars
  40:30893  warning  'n' is defined but never used                                              no-unused-vars
  40:30920  warning  't' is defined but never used                                              no-unused-vars
  40:30922  warning  'n' is defined but never used                                              no-unused-vars
  40:34593  warning  Unexpected constant condition                                              no-constant-condition
  40:39071  warning  Unexpected constant condition                                              no-constant-condition
  40:39354  warning  Unexpected constant condition                                              no-constant-condition
  40:42324  warning  Empty block statement                                                      no-empty
  40:52735  warning  Expected a conditional expression and instead saw an assignment            no-cond-assign
  40:54134  warning  'Wu' is a function                                                         no-func-assign
  40:54140  warning  'Vu' is a function                                                         no-func-assign
  40:55058  warning  '__REACT_DEVTOOLS_GLOBAL_HOOK__' is not defined                            no-undef
  40:55157  warning  Empty block statement                                                      no-empty
  40:57190  warning  '__REACT_DEVTOOLS_GLOBAL_HOOK__' is not defined                            no-undef
  40:57247  warning  '__REACT_DEVTOOLS_GLOBAL_HOOK__' is not defined                            no-undef
  48:1253   warning  't' is defined but never used                                              no-unused-vars
  48:6449   warning  't' is defined but never used                                              no-unused-vars
  48:17119  warning  'r' is assigned a value but never used                                     no-unused-vars
  48:17142  warning  'l' is assigned a value but never used                                     no-unused-vars
  48:17166  warning  'i' is assigned a value but never used                                     no-unused-vars
  48:27556  warning  'Vv' is assigned a value but never used                                    no-unused-vars
  48:27568  warning  'Qv' is assigned a value but never used                                    no-unused-vars
  48:27625  warning  'Gv' is assigned a value but never used                                    no-unused-vars
  48:27651  warning  'Kv' is assigned a value but never used                                    no-unused-vars
  48:27814  warning  'Yv' is assigned a value but never used                                    no-unused-vars
  48:27832  warning  'Xv' is assigned a value but never used                                    no-unused-vars
  48:27857  warning  'Zv' is assigned a value but never used                                    no-unused-vars
  48:28294  warning  'l' is assigned a value but never used                                     no-unused-vars
  48:38278  warning  's' is assigned a value but never used                                     no-unused-vars
  48:38293  warning  'a' is assigned a value but never used                                     no-unused-vars
  48:38310  warning  'u' is assigned a value but never used                                     no-unused-vars
  48:49841  warning  't' is assigned a value but never used                                     no-unused-vars
  48:55970  warning  'l' is assigned a value but never used                                     no-unused-vars
  48:61054  warning  't' is defined but never used                                              no-unused-vars

/home/runner/work/exp-covert-channels-information-leakage-amrt/exp-covert-channels-information-leakage-amrt/experiment/simulation/js/index-Dl4L71r0.js
   9:1588   warning  Do not access Object.prototype method 'hasOwnProperty' from target object  no-prototype-builtins
   9:4646   warning  Do not access Object.prototype method 'hasOwnProperty' from target object  no-prototype-builtins
  17:376    warning  Do not access Object.prototype method 'hasOwnProperty' from target object  no-prototype-builtins
  25:928    warning  'setImmediate' is not defined                                              no-undef
  33:596    warning  Unexpected combined character in character class                           no-misleading-character-class
  33:3023   warning  Unnecessary escape character: \-                                           no-useless-escape
  33:4912   warning  Do not access Object.prototype method 'hasOwnProperty' from target object  no-prototype-builtins
  37:202    warning  Expected a conditional expression and instead saw an assignment            no-cond-assign
  37:1216   warning  Empty block statement                                                      no-empty
  37:2389   warning  Do not access Object.prototype method 'hasOwnProperty' from target object  no-prototype-builtins
  37:3868   warning  Do not access Object.prototype method 'hasOwnProperty' from target object  no-prototype-builtins
  37:3909   warning  Do not access Object.prototype method 'hasOwnProperty' from target object  no-prototype-builtins
  37:4076   warning  Do not access Object.prototype method 'hasOwnProperty' from target object  no-prototype-builtins
  37:4103   warning  Do not access Object.prototype method 'hasOwnProperty' from target object  no-prototype-builtins
  37:4694   warning  Do not access Object.prototype method 'hasOwnProperty' from target object  no-prototype-builtins
  37:6030   warning  'MSApp' is not defined                                                     no-undef
  37:6078   warning  'MSApp' is not defined                                                     no-undef
  37:7458   warning  Do not access Object.prototype method 'hasOwnProperty' from target object  no-prototype-builtins
  37:7551   warning  Do not access Object.prototype method 'hasOwnProperty' from target object  no-prototype-builtins
  37:8633   warning  Expected a conditional expression and instead saw an assignment            no-cond-assign
  37:9654   warning  Expected to return a value in method 'get'                                 getter-return
  37:9787   warning  'r' is defined but never used                                              no-unused-vars
  37:9789   warning  'l' is defined but never used                                              no-unused-vars
  37:9791   warning  'i' is defined but never used                                              no-unused-vars
  37:9793   warning  's' is defined but never used                                              no-unused-vars
  37:9795   warning  'a' is defined but never used                                              no-unused-vars
  37:9797   warning  'u' is defined but never used                                              no-unused-vars
  37:9970   warning  'e' is defined but never used                                              no-unused-vars
  37:9972   warning  't' is defined but never used                                              no-unused-vars
  37:9974   warning  'n' is defined but never used                                              no-unused-vars
  37:9976   warning  'r' is defined but never used                                              no-unused-vars
  37:9978   warning  'l' is defined but never used                                              no-unused-vars
  37:9980   warning  'i' is defined but never used                                              no-unused-vars
  37:9982   warning  's' is defined but never used                                              no-unused-vars
  37:9984   warning  'a' is defined but never used                                              no-unused-vars
  37:9986   warning  'u' is defined but never used                                              no-unused-vars
  37:10038  warning  'e' is defined but never used                                              no-unused-vars
  37:10040  warning  't' is defined but never used                                              no-unused-vars
  37:10042  warning  'n' is defined but never used                                              no-unused-vars
  37:10044  warning  'r' is defined but never used                                              no-unused-vars
  37:10046  warning  'l' is defined but never used                                              no-unused-vars
  37:10048  warning  'i' is defined but never used                                              no-unused-vars
  37:10050  warning  's' is defined but never used                                              no-unused-vars
  37:10052  warning  'a' is defined but never used                                              no-unused-vars
  37:10054  warning  'u' is defined but never used                                              no-unused-vars
  37:11886  warning  Empty block statement                                                      no-empty
  37:19766  warning  Do not access Object.prototype method 'hasOwnProperty' from target object  no-prototype-builtins
  37:20108  warning  Invalid typeof comparison value                                            valid-typeof
  37:20282  warning  Invalid typeof comparison value                                            valid-typeof
  37:22147  warning  Expected a conditional expression and instead saw an assignment            no-cond-assign
  37:27687  warning  Expected a conditional expression and instead saw an assignment            no-cond-assign
  37:29153  warning  Do not access Object.prototype method 'hasOwnProperty' from target object  no-prototype-builtins
  37:33253  warning  Expected a 'break' statement before 'case'                                 no-fallthrough
  37:33440  warning  Expected a 'break' statement before 'case'                                 no-fallthrough
  37:34557  warning  Expected a conditional expression and instead saw an assignment            no-cond-assign
  37:36002  warning  Expected a 'break' statement before 'case'                                 no-fallthrough
  37:37432  warning  Unexpected control character(s) in regular expression: \x00                no-control-regex
  38:1506   warning  Expected a conditional expression and instead saw an assignment            no-cond-assign
  38:1606   warning  Expected a conditional expression and instead saw an assignment            no-cond-assign
  38:14646  warning  Expected a 'break' statement before 'case'                                 no-fallthrough
  38:15102  warning  Unexpected constant condition                                              no-constant-condition
  38:15693  warning  Expected a conditional expression and instead saw an assignment            no-cond-assign
  38:22199  warning  Empty block statement                                                      no-empty
  38:22208  warning  Empty block statement                                                      no-empty
  38:25571  warning  Expected a conditional expression and instead saw an assignment            no-cond-assign
  38:26434  warning  Expected a conditional expression and instead saw an assignment            no-cond-assign
  40:3962   warning  Expected a conditional expression and instead saw an assignment            no-cond-assign
  40:5084   warning  Expected a conditional expression and instead saw an assignment            no-cond-assign
  40:12845  warning  Do not access Object.prototype method 'hasOwnProperty' from target object  no-prototype-builtins
  40:12866  warning  Do not access Object.prototype method 'hasOwnProperty' from target object  no-prototype-builtins
  40:12936  warning  Do not access Object.prototype method 'hasOwnProperty' from target object  no-prototype-builtins
  40:13118  warning  Do not access Object.prototype method 'hasOwnProperty' from target object  no-prototype-builtins
  40:13220  warning  Do not access Object.prototype method 'hasOwnProperty' from target object  no-prototype-builtins
  40:13300  warning  Do not access Object.prototype method 'hasOwnProperty' from target object  no-prototype-builtins
  40:13324  warning  Do not access Object.prototype method 'hasOwnProperty' from target object  no-prototype-builtins
  40:13376  warning  Do not access Object.prototype method 'hasOwnProperty' from target object  no-prototype-builtins
  40:13731  warning  Do not access Object.prototype method 'hasOwnProperty' from target object  no-prototype-builtins
  40:15913  warning  Do not access Object.prototype method 'hasOwnProperty' from target object  no-prototype-builtins
  40:16192  warning  Do not access Object.prototype method 'hasOwnProperty' from target object  no-prototype-builtins
  40:16638  warning  Unnecessary escape character: \/                                           no-useless-escape
  40:17508  warning  Do not access Object.prototype method 'hasOwnProperty' from target object  no-prototype-builtins
  40:17817  warning  Do not access Object.prototype method 'hasOwnProperty' from target object  no-prototype-builtins
  40:25811  warning  Empty block statement                                                      no-empty
  40:25846  warning  Expected a 'break' statement before 'case'                                 no-fallthrough
  40:29914  warning  Do not access Object.prototype method 'hasOwnProperty' from target object  no-prototype-builtins
  40:30891  warning  't' is defined but never used                                              no-unused-vars
  40:30893  warning  'n' is defined but never used                                              no-unused-vars
  40:30920  warning  't' is defined but never used                                              no-unused-vars
  40:30922  warning  'n' is defined but never used                                              no-unused-vars
  40:34593  warning  Unexpected constant condition                                              no-constant-condition
  40:39071  warning  Unexpected constant condition                                              no-constant-condition
  40:39354  warning  Unexpected constant condition                                              no-constant-condition
  40:42324  warning  Empty block statement                                                      no-empty
  40:52735  warning  Expected a conditional expression and instead saw an assignment            no-cond-assign
  40:54134  warning  'Vu' is a function                                                         no-func-assign
  40:54140  warning  'Wu' is a function                                                         no-func-assign
  40:55058  warning  '__REACT_DEVTOOLS_GLOBAL_HOOK__' is not defined                            no-undef
  40:55157  warning  Empty block statement                                                      no-empty
  40:57190  warning  '__REACT_DEVTOOLS_GLOBAL_HOOK__' is not defined                            no-undef
  40:57247  warning  '__REACT_DEVTOOLS_GLOBAL_HOOK__' is not defined                            no-undef
  48:1253   warning  't' is defined but never used                                              no-unused-vars
  48:6467   warning  't' is defined but never used                                              no-unused-vars
  48:17137  warning  'r' is assigned a value but never used                                     no-unused-vars
  48:17160  warning  'l' is assigned a value but never used                                     no-unused-vars
  48:17184  warning  'i' is assigned a value but never used                                     no-unused-vars
  48:27574  warning  'Qv' is assigned a value but never used                                    no-unused-vars
  48:27586  warning  'Gv' is assigned a value but never used                                    no-unused-vars
  48:27643  warning  'Kv' is assigned a value but never used                                    no-unused-vars
  48:27669  warning  'Yv' is assigned a value but never used                                    no-unused-vars
  48:27832  warning  'Xv' is assigned a value but never used                                    no-unused-vars
  48:27850  warning  'Zv' is assigned a value but never used                                    no-unused-vars
  48:27875  warning  'qv' is assigned a value but never used                                    no-unused-vars
  48:28312  warning  'l' is assigned a value but never used                                     no-unused-vars
  48:38837  warning  's' is assigned a value but never used                                     no-unused-vars
  48:38852  warning  'a' is assigned a value but never used                                     no-unused-vars
  48:38869  warning  'u' is assigned a value but never used                                     no-unused-vars
  48:50548  warning  't' is assigned a value but never used                                     no-unused-vars
  48:56855  warning  'l' is assigned a value but never used                                     no-unused-vars
  48:61939  warning  't' is defined but never used                                              no-unused-vars

/home/runner/work/exp-covert-channels-information-leakage-amrt/exp-covert-channels-information-leakage-amrt/experiment/simulation/js/index-DqdkOCvk.js
   9:1588   warning  Do not access Object.prototype method 'hasOwnProperty' from target object  no-prototype-builtins
   9:4646   warning  Do not access Object.prototype method 'hasOwnProperty' from target object  no-prototype-builtins
  17:376    warning  Do not access Object.prototype method 'hasOwnProperty' from target object  no-prototype-builtins
  25:928    warning  'setImmediate' is not defined                                              no-undef
  33:596    warning  Unexpected combined character in character class                           no-misleading-character-class
  33:3023   warning  Unnecessary escape character: \-                                           no-useless-escape
  33:4912   warning  Do not access Object.prototype method 'hasOwnProperty' from target object  no-prototype-builtins
  37:202    warning  Expected a conditional expression and instead saw an assignment            no-cond-assign
  37:1216   warning  Empty block statement                                                      no-empty
  37:2389   warning  Do not access Object.prototype method 'hasOwnProperty' from target object  no-prototype-builtins
  37:3868   warning  Do not access Object.prototype method 'hasOwnProperty' from target object  no-prototype-builtins
  37:3909   warning  Do not access Object.prototype method 'hasOwnProperty' from target object  no-prototype-builtins
  37:4076   warning  Do not access Object.prototype method 'hasOwnProperty' from target object  no-prototype-builtins
  37:4103   warning  Do not access Object.prototype method 'hasOwnProperty' from target object  no-prototype-builtins
  37:4694   warning  Do not access Object.prototype method 'hasOwnProperty' from target object  no-prototype-builtins
  37:6030   warning  'MSApp' is not defined                                                     no-undef
  37:6078   warning  'MSApp' is not defined                                                     no-undef
  37:7458   warning  Do not access Object.prototype method 'hasOwnProperty' from target object  no-prototype-builtins
  37:7551   warning  Do not access Object.prototype method 'hasOwnProperty' from target object  no-prototype-builtins
  37:8633   warning  Expected a conditional expression and instead saw an assignment            no-cond-assign
  37:9654   warning  Expected to return a value in method 'get'                                 getter-return
  37:9787   warning  'r' is defined but never used                                              no-unused-vars
  37:9789   warning  'l' is defined but never used                                              no-unused-vars
  37:9791   warning  'i' is defined but never used                                              no-unused-vars
  37:9793   warning  's' is defined but never used                                              no-unused-vars
  37:9795   warning  'u' is defined but never used                                              no-unused-vars
  37:9797   warning  'a' is defined but never used                                              no-unused-vars
  37:9970   warning  'e' is defined but never used                                              no-unused-vars
  37:9972   warning  't' is defined but never used                                              no-unused-vars
  37:9974   warning  'n' is defined but never used                                              no-unused-vars
  37:9976   warning  'r' is defined but never used                                              no-unused-vars
  37:9978   warning  'l' is defined but never used                                              no-unused-vars
  37:9980   warning  'i' is defined but never used                                              no-unused-vars
  37:9982   warning  's' is defined but never used                                              no-unused-vars
  37:9984   warning  'u' is defined but never used                                              no-unused-vars
  37:9986   warning  'a' is defined but never used                                              no-unused-vars
  37:10038  warning  'e' is defined but never used                                              no-unused-vars
  37:10040  warning  't' is defined but never used                                              no-unused-vars
  37:10042  warning  'n' is defined but never used                                              no-unused-vars
  37:10044  warning  'r' is defined but never used                                              no-unused-vars
  37:10046  warning  'l' is defined but never used                                              no-unused-vars
  37:10048  warning  'i' is defined but never used                                              no-unused-vars
  37:10050  warning  's' is defined but never used                                              no-unused-vars
  37:10052  warning  'u' is defined but never used                                              no-unused-vars
  37:10054  warning  'a' is defined but never used                                              no-unused-vars
  37:11886  warning  Empty block statement                                                      no-empty
  37:19766  warning  Do not access Object.prototype method 'hasOwnProperty' from target object  no-prototype-builtins
  37:20108  warning  Invalid typeof comparison value                                            valid-typeof
  37:20282  warning  Invalid typeof comparison value                                            valid-typeof
  37:22147  warning  Expected a conditional expression and instead saw an assignment            no-cond-assign
  37:27687  warning  Expected a conditional expression and instead saw an assignment            no-cond-assign
  37:29153  warning  Do not access Object.prototype method 'hasOwnProperty' from target object  no-prototype-builtins
  37:33253  warning  Expected a 'break' statement before 'case'                                 no-fallthrough
  37:33440  warning  Expected a 'break' statement before 'case'                                 no-fallthrough
  37:34557  warning  Expected a conditional expression and instead saw an assignment            no-cond-assign
  37:36002  warning  Expected a 'break' statement before 'case'                                 no-fallthrough
  37:37432  warning  Unexpected control character(s) in regular expression: \x00                no-control-regex
  38:1506   warning  Expected a conditional expression and instead saw an assignment            no-cond-assign
  38:1606   warning  Expected a conditional expression and instead saw an assignment            no-cond-assign
  38:14646  warning  Expected a 'break' statement before 'case'                                 no-fallthrough
  38:15102  warning  Unexpected constant condition                                              no-constant-condition
  38:15693  warning  Expected a conditional expression and instead saw an assignment            no-cond-assign
  38:22199  warning  Empty block statement                                                      no-empty
  38:22208  warning  Empty block statement                                                      no-empty
  38:25571  warning  Expected a conditional expression and instead saw an assignment            no-cond-assign
  38:26434  warning  Expected a conditional expression and instead saw an assignment            no-cond-assign
  40:3962   warning  Expected a conditional expression and instead saw an assignment            no-cond-assign
  40:5084   warning  Expected a conditional expression and instead saw an assignment            no-cond-assign
  40:12845  warning  Do not access Object.prototype method 'hasOwnProperty' from target object  no-prototype-builtins
  40:12866  warning  Do not access Object.prototype method 'hasOwnProperty' from target object  no-prototype-builtins
  40:12936  warning  Do not access Object.prototype method 'hasOwnProperty' from target object  no-prototype-builtins
  40:13118  warning  Do not access Object.prototype method 'hasOwnProperty' from target object  no-prototype-builtins
  40:13220  warning  Do not access Object.prototype method 'hasOwnProperty' from target object  no-prototype-builtins
  40:13300  warning  Do not access Object.prototype method 'hasOwnProperty' from target object  no-prototype-builtins
  40:13324  warning  Do not access Object.prototype method 'hasOwnProperty' from target object  no-prototype-builtins
  40:13376  warning  Do not access Object.prototype method 'hasOwnProperty' from target object  no-prototype-builtins
  40:13731  warning  Do not access Object.prototype method 'hasOwnProperty' from target object  no-prototype-builtins
  40:15913  warning  Do not access Object.prototype method 'hasOwnProperty' from target object  no-prototype-builtins
  40:16192  warning  Do not access Object.prototype method 'hasOwnProperty' from target object  no-prototype-builtins
  40:16638  warning  Unnecessary escape character: \/                                           no-useless-escape
  40:17508  warning  Do not access Object.prototype method 'hasOwnProperty' from target object  no-prototype-builtins
  40:17817  warning  Do not access Object.prototype method 'hasOwnProperty' from target object  no-prototype-builtins
  40:25811  warning  Empty block statement                                                      no-empty
  40:25846  warning  Expected a 'break' statement before 'case'                                 no-fallthrough
  40:29914  warning  Do not access Object.prototype method 'hasOwnProperty' from target object  no-prototype-builtins
  40:30891  warning  't' is defined but never used                                              no-unused-vars
  40:30893  warning  'n' is defined but never used                                              no-unused-vars
  40:30920  warning  't' is defined but never used                                              no-unused-vars
  40:30922  warning  'n' is defined but never used                                              no-unused-vars
  40:34593  warning  Unexpected constant condition                                              no-constant-condition
  40:39071  warning  Unexpected constant condition                                              no-constant-condition
  40:39354  warning  Unexpected constant condition                                              no-constant-condition
  40:42324  warning  Empty block statement                                                      no-empty
  40:52735  warning  Expected a conditional expression and instead saw an assignment            no-cond-assign
  40:54134  warning  'Qa' is a function                                                         no-func-assign
  40:54140  warning  'Ka' is a function                                                         no-func-assign
  40:55058  warning  '__REACT_DEVTOOLS_GLOBAL_HOOK__' is not defined                            no-undef
  40:55157  warning  Empty block statement                                                      no-empty
  40:57190  warning  '__REACT_DEVTOOLS_GLOBAL_HOOK__' is not defined                            no-undef
  40:57247  warning  '__REACT_DEVTOOLS_GLOBAL_HOOK__' is not defined                            no-undef
  48:1253   warning  't' is defined but never used                                              no-unused-vars
  48:6449   warning  't' is defined but never used                                              no-unused-vars
  48:17119  warning  'r' is assigned a value but never used                                     no-unused-vars
  48:17142  warning  'l' is assigned a value but never used                                     no-unused-vars
  48:17166  warning  'i' is assigned a value but never used                                     no-unused-vars
  48:27556  warning  'Vv' is assigned a value but never used                                    no-unused-vars
  48:27568  warning  'Wv' is assigned a value but never used                                    no-unused-vars
  48:27625  warning  'Hv' is assigned a value but never used                                    no-unused-vars
  48:27651  warning  'Qv' is assigned a value but never used                                    no-unused-vars
  48:27814  warning  'Kv' is assigned a value but never used                                    no-unused-vars
  48:27832  warning  'Gv' is assigned a value but never used                                    no-unused-vars
  48:27857  warning  'Yv' is assigned a value but never used                                    no-unused-vars
  48:28294  warning  'l' is assigned a value but never used                                     no-unused-vars
  48:37074  warning  's' is assigned a value but never used                                     no-unused-vars
  48:37089  warning  'u' is assigned a value but never used                                     no-unused-vars
  48:37106  warning  'a' is assigned a value but never used                                     no-unused-vars
  48:47390  warning  't' is assigned a value but never used                                     no-unused-vars
  48:54596  warning  't' is defined but never used                                              no-unused-vars
  53:2132   warning  'n' is assigned a value but never used                                     no-unused-vars

 594 problems (0 errors, 594 warnings)

